========================================================================================================================
Simulation start time is:	2025-10-23 17:05:00
Simulation duration is:	13:00:00
simulation times are as follows: 
DatetimeIndex(['2025-10-23 17:05:00', '2025-10-23 17:05:05',
               '2025-10-23 17:05:10', '2025-10-23 17:05:15',
               '2025-10-23 17:05:20', '2025-10-23 17:05:25',
               '2025-10-23 17:05:30', '2025-10-23 17:05:35',
               '2025-10-23 17:05:40', '2025-10-23 17:05:45',
               ...
               '2025-10-24 06:04:10', '2025-10-24 06:04:15',
               '2025-10-24 06:04:20', '2025-10-24 06:04:25',
               '2025-10-24 06:04:30', '2025-10-24 06:04:35',
               '2025-10-24 06:04:40', '2025-10-24 06:04:45',
               '2025-10-24 06:04:50', '2025-10-24 06:04:55'],
              dtype='datetime64[ns]', length=9360, freq='5s')
========================================================================================================================
Starting house federate: House_1
Initializing OCHRE dwelling...
2025-12-22 17:53:51.819026 - House_1 at 2025-10-23 17:05:00: Initializing House_1 (OCHRE v0.9.1)
2025-12-22 17:53:51.819160 - House_1 at 2025-10-23 17:05:00: Removing previous results file: /home/deras/gld-opedss-ochre-helics_bkup/cosimulation/gld-ochre-helics/real-time/cosimulation/bldg0112631/up00/House_1.csv
2025-12-22 17:53:51.824804 - House_1 at 2025-10-23 17:05:00: Removing previous results file: /home/deras/gld-opedss-ochre-helics_bkup/cosimulation/gld-ochre-helics/real-time/cosimulation/bldg0112631/up00/House_1_metrics.csv
2025-12-22 17:53:51.824886 - House_1 at 2025-10-23 17:05:00: Removing previous results file: /home/deras/gld-opedss-ochre-helics_bkup/cosimulation/gld-ochre-helics/real-time/cosimulation/bldg0112631/up00/House_1_hourly.csv
WARNING: Properties file weather station (G0800310) may be different from weather file used: /home/deras/.cache/pypoetry/virtualenvs/gld-opedss-ochre-helics-o_1DRW9c-py3.12/lib/python3.12/site-packages/ochre/defaults/Weather/USA_OR_Portland-Hillsboro.AP.726986_TMY3.epw
WARNING: Cooling setpoint is within 1C of heating setpoint. Separating setpoints by at least 1C.
2025-12-22 17:53:55.522950 - House_1 at 2025-10-23 17:05:00: Running initialization for 1 day, 0:00:00
2025-12-22 17:54:08.123903 - House_1 at 2025-10-23 17:05:00: Dwelling Initialized
House_1 initialized successfully!
House_1 entering simulation loop...
============================================================
In the step_to function

HELICS information:

time at the moment is: 2025-10-23 17:05:00
t_requested (in seconds) is: 60.0
