
Processing 2025-07-03 12:01:30 UTC...
Core profiler results
======================

Total objects                 23 objects
Parallelism                    1 thread
Total time                   5.0 seconds
  Core time                  4.1 seconds (82.1%)
    Compiler                 0.0 seconds (0.3%)
    Instances                0.0 seconds (0.0%)
    Random variables         0.0 seconds (0.0%)
    Schedules                0.0 seconds (0.0%)
    Loadshapes               0.0 seconds (0.0%)
    Enduses                  0.0 seconds (0.0%)
    Transforms               0.0 seconds (0.0%)
  Model time                 0.9 seconds/thread (17.9%)
Simulation time                0 days
Simulation speed               1 object.hours/second
Passes completed              18 passes
Time steps completed          16 timesteps
Convergence efficiency      1.12 passes/timestep
Read lock contention        0.0%
Write lock contention       0.0%
Average timestep             56 seconds/timestep
Simulation rate             180 x realtime


Model profiler results
======================

Class            Time (s) Time (%) msec/obj
---------------- -------- -------- --------
helics_msg         0.896     99.8%    895.8
node               0.000      0.0%      0.1
recorder           0.000      0.0%      0.3
overhead_line      0.000      0.0%      0.1
transformer        0.000      0.0%      0.1
triplex_meter      0.000      0.0%      0.1
inverter           0.000      0.0%      0.1
battery            0.000      0.0%      0.1
meter              0.000      0.0%      0.1
overhead_line_co   0.000      0.0%      0.0
transformer_conf   0.000      0.0%      0.0
triplex_line_con   0.000      0.0%      0.0
triplex_line_con   0.000      0.0%      0.0
================ ======== ======== ========
Total              0.897    100.0%     39.0

