/home/deras/.local/lib/python3.12/site-packages/opendss_wrapper/OpenDSS.py:115: FutureWarning: errors='ignore' is deprecated and will raise in a future version. Use to_numeric without passing `errors` and catch exceptions explicitly instead
  df = dss.utils.class_to_dataframe(element, transform_string=lambda x: pd.to_numeric(x, errors='ignore'))
/home/deras/.local/lib/python3.12/site-packages/opendss_wrapper/OpenDSS.py:115: FutureWarning: errors='ignore' is deprecated and will raise in a future version. Use to_numeric without passing `errors` and catch exceptions explicitly instead
  df = dss.utils.class_to_dataframe(element, transform_string=lambda x: pd.to_numeric(x, errors='ignore'))
[2025-08-01 11:21:17.766] [console] [debug] federate1 (131073)[initializing]::Granting Initialization
[2025-08-01 11:21:17.766] [console] [debug] federate1 (131073)[initializing]::Granted Time=-9223372036.854776
[2025-08-01 11:21:17.766] [console] [debug] federate1 (131073)[executing]::Granting Execution
[2025-08-01 11:21:17.766] [console] [debug] federate1 (131073)[0]::Granted Time=0
[2025-08-01 11:21:17.767] [console] [debug] federate1 (131073)[60]::Granted Time=60
[2025-08-01 11:21:24.312] [console] [info] federate1_core_muqRgv (1879048193)[t=60]:: core tick
[2025-08-01 11:21:39.312] [console] [info] federate1_core_muqRgv (1879048193)[t=60]:: core tick
[2025-08-01 11:21:54.313] [console] [info] federate1_core_muqRgv (1879048193)[t=60]:: core tick
[2025-08-01 11:22:09.313] [console] [info] federate1_core_muqRgv (1879048193)[t=60]:: core tick
[2025-08-01 11:22:17.667] [console] [debug] federate1[60]::setting value for storage_powers size 22850
[2025-08-01 11:22:17.668] [console] [debug] federate1 (131073)[120]::Granted Time=120
[2025-08-01 11:22:24.313] [console] [info] federate1_core_muqRgv (1879048193)[t=60]:: core tick
[2025-08-01 11:22:39.314] [console] [info] federate1_core_muqRgv (1879048193)[t=60]:: core tick
[2025-08-01 11:22:54.314] [console] [info] federate1_core_muqRgv (1879048193)[t=60]:: core tick
[2025-08-01 11:23:09.315] [console] [info] federate1_core_muqRgv (1879048193)[t=60]:: core tick
[2025-08-01 11:23:17.667] [console] [debug] federate1[120]::setting value for storage_powers size 22859
[2025-08-01 11:23:17.668] [console] [debug] federate1 (131073)[180]::Granted Time=180
[2025-08-01 11:23:24.315] [console] [info] federate1_core_muqRgv (1879048193)[t=60]:: core tick
[2025-08-01 11:23:39.315] [console] [info] federate1_core_muqRgv (1879048193)[t=60]:: core tick
[2025-08-01 11:23:54.316] [console] [info] federate1_core_muqRgv (1879048193)[t=60]:: core tick
[2025-08-01 11:24:09.316] [console] [info] federate1_core_muqRgv (1879048193)[t=60]:: core tick
[2025-08-01 11:24:17.667] [console] [debug] federate1[180]::setting value for storage_powers size 22859
[2025-08-01 11:24:17.668] [console] [debug] federate1 (131073)[240]::Granted Time=240
[2025-08-01 11:24:24.317] [console] [info] federate1_core_muqRgv (1879048193)[t=60]:: core tick
[2025-08-01 11:24:39.317] [console] [info] federate1_core_muqRgv (1879048193)[t=60]:: core tick
[2025-08-01 11:24:54.318] [console] [info] federate1_core_muqRgv (1879048193)[t=60]:: core tick
[2025-08-01 11:25:09.318] [console] [info] federate1_core_muqRgv (1879048193)[t=60]:: core tick
[2025-08-01 11:25:17.667] [console] [debug] federate1[240]::setting value for storage_powers size 22860
[2025-08-01 11:25:17.668] [console] [debug] federate1 (131073)[300]::Granted Time=300
[2025-08-01 11:25:24.321] [console] [info] federate1_core_muqRgv (1879048193)[t=60]:: core tick
[2025-08-01 11:25:39.321] [console] [info] federate1_core_muqRgv (1879048193)[t=60]:: core tick
[2025-08-01 11:25:54.321] [console] [info] federate1_core_muqRgv (1879048193)[t=60]:: core tick
[2025-08-01 11:26:09.322] [console] [info] federate1_core_muqRgv (1879048193)[t=60]:: core tick
[2025-08-01 11:26:17.667] [console] [debug] federate1[300]::setting value for storage_powers size 22864
[2025-08-01 11:26:17.668] [console] [debug] federate1 (131073)[360]::Granted Time=360
[2025-08-01 11:26:24.322] [console] [info] federate1_core_muqRgv (1879048193)[t=60]:: core tick
[2025-08-01 11:26:39.322] [console] [info] federate1_core_muqRgv (1879048193)[t=60]:: core tick
[2025-08-01 11:26:54.323] [console] [info] federate1_core_muqRgv (1879048193)[t=60]:: core tick
[2025-08-01 11:27:09.323] [console] [info] federate1_core_muqRgv (1879048193)[t=60]:: core tick
[2025-08-01 11:27:17.667] [console] [debug] federate1[360]::setting value for storage_powers size 20065
[2025-08-01 11:27:17.668] [console] [debug] federate1 (131073)[420]::Granted Time=420
[2025-08-01 11:27:24.324] [console] [info] federate1_core_muqRgv (1879048193)[t=60]:: core tick
[2025-08-01 11:27:39.324] [console] [info] federate1_core_muqRgv (1879048193)[t=60]:: core tick
[2025-08-01 11:27:54.324] [console] [info] federate1_core_muqRgv (1879048193)[t=60]:: core tick
[2025-08-01 11:28:09.325] [console] [info] federate1_core_muqRgv (1879048193)[t=60]:: core tick
[2025-08-01 11:28:17.668] [console] [debug] federate1[420]::setting value for storage_powers size 20072
[2025-08-01 11:28:17.668] [console] [debug] federate1 (131073)[480]::Granted Time=480
[2025-08-01 11:28:24.325] [console] [info] federate1_core_muqRgv (1879048193)[t=60]:: core tick
[2025-08-01 11:28:39.326] [console] [info] federate1_core_muqRgv (1879048193)[t=60]:: core tick
[2025-08-01 11:28:54.326] [console] [info] federate1_core_muqRgv (1879048193)[t=60]:: core tick
[2025-08-01 11:29:09.326] [console] [info] federate1_core_muqRgv (1879048193)[t=60]:: core tick
[2025-08-01 11:29:17.667] [console] [debug] federate1[480]::setting value for storage_powers size 20048
[2025-08-01 11:29:17.668] [console] [debug] federate1 (131073)[540]::Granted Time=540
[2025-08-01 11:29:24.327] [console] [info] federate1_core_muqRgv (1879048193)[t=60]:: core tick
[2025-08-01 11:29:39.327] [console] [info] federate1_core_muqRgv (1879048193)[t=60]:: core tick
[2025-08-01 11:29:54.328] [console] [info] federate1_core_muqRgv (1879048193)[t=60]:: core tick
[2025-08-01 11:30:09.328] [console] [info] federate1_core_muqRgv (1879048193)[t=60]:: core tick
[2025-08-01 11:30:17.667] [console] [debug] federate1[540]::setting value for storage_powers size 20055
[2025-08-01 11:30:17.668] [console] [debug] federate1 (131073)[600]::Granted Time=600
[2025-08-01 11:30:24.328] [console] [info] federate1_core_muqRgv (1879048193)[t=60]:: core tick
[2025-08-01 11:30:39.329] [console] [info] federate1_core_muqRgv (1879048193)[t=60]:: core tick
